# JRE version: OpenJDK Runtime Environment Temurin-21.0.11+10 (21.0.11+10) (build 21.0.11+10-LTS)
# Java VM: OpenJDK 64-Bit Server VM Temurin-21.0.11+10 (21.0.11+10-LTS, mixed mode, sharing, tiered, compressed oops, compressed class ptrs, parallel gc, windows-amd64)
GC Precious Log:
 CardTable entry size: 512
 CPUs: 12 total, 12 available
 Memory: 15733M
 Large Page Support: Disabled
 NUMA Support: Disabled
 Compressed Oops: Enabled (32-bit)
 Alignments: Space 512K, Generation 512K, Heap 2M
 Heap Min Capacity: 100M
 Heap Initial Capacity: 100M
 Heap Max Capacity: 2G
 Pre-touch: Disabled
 Parallel Workers: 10
Heap:
 PSYoungGen      total 13824K, used 7909K [0x00000000d5580000, 0x00000000d6780000, 0x0000000100000000)
  eden space 13312K, 55% used [0x00000000d5580000,0x00000000d5cbb628,0x00000000d6280000)
  from space 512K, 98% used [0x00000000d6680000,0x00000000d66fe1a8,0x00000000d6700000)
  to   space 512K, 0% used [0x00000000d6700000,0x00000000d6700000,0x00000000d6780000)
 ParOldGen       total 68608K, used 53832K [0x0000000080000000, 0x0000000084300000, 0x00000000d5580000)
  object space 68608K, 78% used [0x0000000080000000,0x0000000083492098,0x0000000084300000)
 Metaspace       used 61516K, committed 62848K, reserved 1114112K
  class space    used 7291K, committed 7872K, reserved 1048576K
GC Heap History (20 events):
Event: 73.955 GC heap before
{Heap before GC invocations=35 (full 3):
 PSYoungGen      total 17408K, used 17184K [0x00000000d5580000, 0x00000000d6d00000, 0x0000000100000000)
  eden space 15872K, 100% used [0x00000000d5580000,0x00000000d6500000,0x00000000d6500000)
  from space 1536K, 85% used [0x00000000d6500000,0x00000000d6648000,0x00000000d6680000)
  to   space 3584K, 0% used [0x00000000d6980000,0x00000000d6980000,0x00000000d6d00000)
 ParOldGen       total 68608K, used 49400K [0x0000000080000000, 0x0000000084300000, 0x00000000d5580000)
  object space 68608K, 72% used [0x0000000080000000,0x000000008303e280,0x0000000084300000)
 Metaspace       used 58842K, committed 60160K, reserved 1114112K
  class space    used 6967K, committed 7552K, reserved 1048576K
}
Event: 73.958 GC heap after
{Heap after GC invocations=35 (full 3):
 PSYoungGen      total 16896K, used 3584K [0x00000000d5580000, 0x00000000d7300000, 0x0000000100000000)
  eden space 13312K, 0% used [0x00000000d5580000,0x00000000d5580000,0x00000000d6280000)
  from space 3584K, 100% used [0x00000000d6980000,0x00000000d6d00000,0x00000000d6d00000)
  to   space 7168K, 0% used [0x00000000d6280000,0x00000000d6280000,0x00000000d6980000)
 ParOldGen       total 68608K, used 51737K [0x0000000080000000, 0x0000000084300000, 0x00000000d5580000)
  object space 68608K, 75% used [0x0000000080000000,0x0000000083286600,0x0000000084300000)
 Metaspace       used 58842K, committed 60160K, reserved 1114112K
  class space    used 6967K, committed 7552K, reserved 1048576K
}
Event: 74.246 GC heap before
{Heap before GC invocations=36 (full 3):
 PSYoungGen      total 16896K, used 16896K [0x00000000d5580000, 0x00000000d7300000, 0x0000000100000000)
  eden space 13312K, 100% used [0x00000000d5580000,0x00000000d6280000,0x00000000d6280000)
  from space 3584K, 100% used [0x00000000d6980000,0x00000000d6d00000,0x00000000d6d00000)
  to   space 7168K, 0% used [0x00000000d6280000,0x00000000d6280000,0x00000000d6980000)
 ParOldGen       total 68608K, used 51737K [0x0000000080000000, 0x0000000084300000, 0x00000000d5580000)
  object space 68608K, 75% used [0x0000000080000000,0x0000000083286600,0x0000000084300000)
 Metaspace       used 59752K, committed 61120K, reserved 1114112K
  class space    used 7064K, committed 7680K, reserved 1048576K
}
Event: 74.248 GC heap after
{Heap after GC invocations=36 (full 3):
 PSYoungGen      total 14336K, used 941K [0x00000000d5580000, 0x00000000d6a00000, 0x0000000100000000)
  eden space 13312K, 0% used [0x00000000d5580000,0x00000000d5580000,0x00000000d6280000)
  from space 1024K, 91% used [0x00000000d6280000,0x00000000d636b470,0x00000000d6380000)
  to   space 3072K, 0% used [0x00000000d6700000,0x00000000d6700000,0x00000000d6a00000)
 ParOldGen       total 68608K, used 52261K [0x0000000080000000, 0x0000000084300000, 0x00000000d5580000)
  object space 68608K, 76% used [0x0000000080000000,0x00000000833096a8,0x0000000084300000)
 Metaspace       used 59752K, committed 61120K, reserved 1114112K
  class space    used 7064K, committed 7680K, reserved 1048576K
}
Event: 74.779 GC heap before
{Heap before GC invocations=37 (full 3):
 PSYoungGen      total 14336K, used 14253K [0x00000000d5580000, 0x00000000d6a00000, 0x0000000100000000)
  eden space 13312K, 100% used [0x00000000d5580000,0x00000000d6280000,0x00000000d6280000)
  from space 1024K, 91% used [0x00000000d6280000,0x00000000d636b470,0x00000000d6380000)
  to   space 3072K, 0% used [0x00000000d6700000,0x00000000d6700000,0x00000000d6a00000)
 ParOldGen       total 68608K, used 52261K [0x0000000080000000, 0x0000000084300000, 0x00000000d5580000)
  object space 68608K, 76% used [0x0000000080000000,0x00000000833096a8,0x0000000084300000)
 Metaspace       used 59793K, committed 61120K, reserved 1114112K
  class space    used 7064K, committed 7680K, reserved 1048576K
}
Event: 74.781 GC heap after
{Heap after GC invocations=37 (full 3):
 PSYoungGen      total 13824K, used 192K [0x00000000d5580000, 0x00000000d6780000, 0x0000000100000000)
  eden space 13312K, 0% used [0x00000000d5580000,0x00000000d5580000,0x00000000d6280000)
  from space 512K, 37% used [0x00000000d6700000,0x00000000d6730000,0x00000000d6780000)
  to   space 1024K, 0% used [0x00000000d6580000,0x00000000d6580000,0x00000000d6680000)
 ParOldGen       total 68608K, used 53097K [0x0000000080000000, 0x0000000084300000, 0x00000000d5580000)
  object space 68608K, 77% used [0x0000000080000000,0x00000000833da7a8,0x0000000084300000)
 Metaspace       used 59793K, committed 61120K, reserved 1114112K
  class space    used 7064K, committed 7680K, reserved 1048576K
}
Event: 75.191 GC heap before
{Heap before GC invocations=38 (full 3):
 PSYoungGen      total 13824K, used 13504K [0x00000000d5580000, 0x00000000d6780000, 0x0000000100000000)
  eden space 13312K, 100% used [0x00000000d5580000,0x00000000d6280000,0x00000000d6280000)
  from space 512K, 37% used [0x00000000d6700000,0x00000000d6730000,0x00000000d6780000)
  to   space 1024K, 0% used [0x00000000d6580000,0x00000000d6580000,0x00000000d6680000)
 ParOldGen       total 68608K, used 53097K [0x0000000080000000, 0x0000000084300000, 0x00000000d5580000)
  object space 68608K, 77% used [0x0000000080000000,0x00000000833da7a8,0x0000000084300000)
 Metaspace       used 59814K, committed 61184K, reserved 1114112K
  class space    used 7066K, committed 7680K, reserved 1048576K
}
Event: 75.191 GC heap after
{Heap after GC invocations=38 (full 3):
 PSYoungGen      total 14336K, used 320K [0x00000000d5580000, 0x00000000d6780000, 0x0000000100000000)
  eden space 13312K, 0% used [0x00000000d5580000,0x00000000d5580000,0x00000000d6280000)
  from space 1024K, 31% used [0x00000000d6580000,0x00000000d65d0000,0x00000000d6680000)
  to   space 512K, 0% used [0x00000000d6700000,0x00000000d6700000,0x00000000d6780000)
 ParOldGen       total 68608K, used 53161K [0x0000000080000000, 0x0000000084300000, 0x00000000d5580000)
  object space 68608K, 77% used [0x0000000080000000,0x00000000833ea7a8,0x0000000084300000)
 Metaspace       used 59814K, committed 61184K, reserved 1114112K
  class space    used 7066K, committed 7680K, reserved 1048576K
}
Event: 75.592 GC heap before
{Heap before GC invocations=39 (full 3):
 PSYoungGen      total 14336K, used 13632K [0x00000000d5580000, 0x00000000d6780000, 0x0000000100000000)
  eden space 13312K, 100% used [0x00000000d5580000,0x00000000d6280000,0x00000000d6280000)
  from space 1024K, 31% used [0x00000000d6580000,0x00000000d65d0000,0x00000000d6680000)
  to   space 512K, 0% used [0x00000000d6700000,0x00000000d6700000,0x00000000d6780000)
 ParOldGen       total 68608K, used 53161K [0x0000000080000000, 0x0000000084300000, 0x00000000d5580000)
  object space 68608K, 77% used [0x0000000080000000,0x00000000833ea7a8,0x0000000084300000)
 Metaspace       used 59816K, committed 61184K, reserved 1114112K
  class space    used 7066K, committed 7680K, reserved 1048576K
}
Event: 75.593 GC heap after
{Heap after GC invocations=39 (full 3):
 PSYoungGen      total 13824K, used 128K [0x00000000d5580000, 0x00000000d6780000, 0x0000000100000000)
  eden space 13312K, 0% used [0x00000000d5580000,0x00000000d5580000,0x00000000d6280000)
  from space 512K, 25% used [0x00000000d6700000,0x00000000d6720000,0x00000000d6780000)
  to   space 512K, 0% used [0x00000000d6680000,0x00000000d6680000,0x00000000d6700000)
 ParOldGen       total 68608K, used 53241K [0x0000000080000000, 0x0000000084300000, 0x00000000d5580000)
  object space 68608K, 77% used [0x0000000080000000,0x00000000833fe7a8,0x0000000084300000)
 Metaspace       used 59816K, committed 61184K, reserved 1114112K
  class space    used 7066K, committed 7680K, reserved 1048576K
}
Event: 76.132 GC heap before
{Heap before GC invocations=40 (full 3):
 PSYoungGen      total 13824K, used 13440K [0x00000000d5580000, 0x00000000d6780000, 0x0000000100000000)
  eden space 13312K, 100% used [0x00000000d5580000,0x00000000d6280000,0x00000000d6280000)
  from space 512K, 25% used [0x00000000d6700000,0x00000000d6720000,0x00000000d6780000)
  to   space 512K, 0% used [0x00000000d6680000,0x00000000d6680000,0x00000000d6700000)
 ParOldGen       total 68608K, used 53241K [0x0000000080000000, 0x0000000084300000, 0x00000000d5580000)
  object space 68608K, 77% used [0x0000000080000000,0x00000000833fe7a8,0x0000000084300000)
 Metaspace       used 59998K, committed 61376K, reserved 1114112K
  class space    used 7082K, committed 7680K, reserved 1048576K
}
Event: 76.133 GC heap after
{Heap after GC invocations=40 (full 3):
 PSYoungGen      total 13824K, used 416K [0x00000000d5580000, 0x00000000d6780000, 0x0000000100000000)
  eden space 13312K, 0% used [0x00000000d5580000,0x00000000d5580000,0x00000000d6280000)
  from space 512K, 81% used [0x00000000d6680000,0x00000000d66e8000,0x00000000d6700000)
  to   space 512K, 0% used [0x00000000d6700000,0x00000000d6700000,0x00000000d6780000)
 ParOldGen       total 68608K, used 53297K [0x0000000080000000, 0x0000000084300000, 0x00000000d5580000)
  object space 68608K, 77% used [0x0000000080000000,0x000000008340c7a8,0x0000000084300000)
 Metaspace       used 59998K, committed 61376K, reserved 1114112K
  class space    used 7082K, committed 7680K, reserved 1048576K
}
Event: 76.569 GC heap before
{Heap before GC invocations=41 (full 3):
 PSYoungGen      total 13824K, used 13728K [0x00000000d5580000, 0x00000000d6780000, 0x0000000100000000)
  eden space 13312K, 100% used [0x00000000d5580000,0x00000000d6280000,0x00000000d6280000)
  from space 512K, 81% used [0x00000000d6680000,0x00000000d66e8000,0x00000000d6700000)
  to   space 512K, 0% used [0x00000000d6700000,0x00000000d6700000,0x00000000d6780000)
 ParOldGen       total 68608K, used 53297K [0x0000000080000000, 0x0000000084300000, 0x00000000d5580000)
  object space 68608K, 77% used [0x0000000080000000,0x000000008340c7a8,0x0000000084300000)
 Metaspace       used 60096K, committed 61440K, reserved 1114112K
  class space    used 7095K, committed 7680K, reserved 1048576K
}
Event: 76.569 GC heap after
{Heap after GC invocations=41 (full 3):
 PSYoungGen      total 13824K, used 393K [0x00000000d5580000, 0x00000000d6780000, 0x0000000100000000)
  eden space 13312K, 0% used [0x00000000d5580000,0x00000000d5580000,0x00000000d6280000)
  from space 512K, 76% used [0x00000000d6700000,0x00000000d67627c0,0x00000000d6780000)
  to   space 512K, 0% used [0x00000000d6680000,0x00000000d6680000,0x00000000d6700000)
 ParOldGen       total 68608K, used 53510K [0x0000000080000000, 0x0000000084300000, 0x00000000d5580000)
  object space 68608K, 77% used [0x0000000080000000,0x00000000834418d8,0x0000000084300000)
 Metaspace       used 60096K, committed 61440K, reserved 1114112K
  class space    used 7095K, committed 7680K, reserved 1048576K
}
Event: 76.925 GC heap before
{Heap before GC invocations=42 (full 3):
 PSYoungGen      total 13824K, used 13705K [0x00000000d5580000, 0x00000000d6780000, 0x0000000100000000)
  eden space 13312K, 100% used [0x00000000d5580000,0x00000000d6280000,0x00000000d6280000)
  from space 512K, 76% used [0x00000000d6700000,0x00000000d67627c0,0x00000000d6780000)
  to   space 512K, 0% used [0x00000000d6680000,0x00000000d6680000,0x00000000d6700000)
 ParOldGen       total 68608K, used 53510K [0x0000000080000000, 0x0000000084300000, 0x00000000d5580000)
  object space 68608K, 77% used [0x0000000080000000,0x00000000834418d8,0x0000000084300000)
 Metaspace       used 60102K, committed 61440K, reserved 1114112K
  class space    used 7096K, committed 7680K, reserved 1048576K
}
Event: 76.926 GC heap after
{Heap after GC invocations=42 (full 3):
 PSYoungGen      total 13824K, used 288K [0x00000000d5580000, 0x00000000d6780000, 0x0000000100000000)
  eden space 13312K, 0% used [0x00000000d5580000,0x00000000d5580000,0x00000000d6280000)
  from space 512K, 56% used [0x00000000d6680000,0x00000000d66c8000,0x00000000d6700000)
  to   space 512K, 0% used [0x00000000d6700000,0x00000000d6700000,0x00000000d6780000)
 ParOldGen       total 68608K, used 53712K [0x0000000080000000, 0x0000000084300000, 0x00000000d5580000)
  object space 68608K, 78% used [0x0000000080000000,0x0000000083474098,0x0000000084300000)
 Metaspace       used 60102K, committed 61440K, reserved 1114112K
  class space    used 7096K, committed 7680K, reserved 1048576K
}
Event: 77.286 GC heap before
{Heap before GC invocations=43 (full 3):
 PSYoungGen      total 13824K, used 13600K [0x00000000d5580000, 0x00000000d6780000, 0x0000000100000000)
  eden space 13312K, 100% used [0x00000000d5580000,0x00000000d6280000,0x00000000d6280000)
  from space 512K, 56% used [0x00000000d6680000,0x00000000d66c8000,0x00000000d6700000)
  to   space 512K, 0% used [0x00000000d6700000,0x00000000d6700000,0x00000000d6780000)
 ParOldGen       total 68608K, used 53712K [0x0000000080000000, 0x0000000084300000, 0x00000000d5580000)
  object space 68608K, 78% used [0x0000000080000000,0x0000000083474098,0x0000000084300000)
 Metaspace       used 60103K, committed 61440K, reserved 1114112K
  class space    used 7096K, committed 7680K, reserved 1048576K
}
Event: 77.287 GC heap after
{Heap after GC invocations=43 (full 3):
 PSYoungGen      total 13824K, used 192K [0x00000000d5580000, 0x00000000d6780000, 0x0000000100000000)
  eden space 13312K, 0% used [0x00000000d5580000,0x00000000d5580000,0x00000000d6280000)
  from space 512K, 37% used [0x00000000d6700000,0x00000000d6730000,0x00000000d6780000)
  to   space 512K, 0% used [0x00000000d6680000,0x00000000d6680000,0x00000000d6700000)
 ParOldGen       total 68608K, used 53784K [0x0000000080000000, 0x0000000084300000, 0x00000000d5580000)
  object space 68608K, 78% used [0x0000000080000000,0x0000000083486098,0x0000000084300000)
 Metaspace       used 60103K, committed 61440K, reserved 1114112K
  class space    used 7096K, committed 7680K, reserved 1048576K
}
Event: 77.642 GC heap before
{Heap before GC invocations=44 (full 3):
 PSYoungGen      total 13824K, used 13504K [0x00000000d5580000, 0x00000000d6780000, 0x0000000100000000)
  eden space 13312K, 100% used [0x00000000d5580000,0x00000000d6280000,0x00000000d6280000)
  from space 512K, 37% used [0x00000000d6700000,0x00000000d6730000,0x00000000d6780000)
  to   space 512K, 0% used [0x00000000d6680000,0x00000000d6680000,0x00000000d6700000)
 ParOldGen       total 68608K, used 53784K [0x0000000080000000, 0x0000000084300000, 0x00000000d5580000)
  object space 68608K, 78% used [0x0000000080000000,0x0000000083486098,0x0000000084300000)
 Metaspace       used 60900K, committed 62272K, reserved 1114112K
  class space    used 7208K, committed 7808K, reserved 1048576K
}
Event: 77.644 GC heap after
{Heap after GC invocations=44 (full 3):
 PSYoungGen      total 13824K, used 504K [0x00000000d5580000, 0x00000000d6780000, 0x0000000100000000)
  eden space 13312K, 0% used [0x00000000d5580000,0x00000000d5580000,0x00000000d6280000)
  from space 512K, 98% used [0x00000000d6680000,0x00000000d66fe1a8,0x00000000d6700000)
  to   space 512K, 0% used [0x00000000d6700000,0x00000000d6700000,0x00000000d6780000)
 ParOldGen       total 68608K, used 53832K [0x0000000080000000, 0x0000000084300000, 0x00000000d5580000)
  object space 68608K, 78% used [0x0000000080000000,0x0000000083492098,0x0000000084300000)
 Metaspace       used 60900K, committed 62272K, reserved 1114112K
  class space    used 7208K, committed 7808K, reserved 1048576K
}

