# JRE version: OpenJDK Runtime Environment Temurin-11.0.29+7 (11.0.29+7) (build 11.0.29+7)
# Java VM: OpenJDK 64-Bit Server VM Temurin-11.0.29+7 (11.0.29+7, mixed mode, tiered, compressed oops, g1 gc, windows-amd64)
Heap:
 garbage-first heap   total 251904K, used 28548K [0x00000000a0000000, 0x0000000100000000)
  region size 1024K, 12 young (12288K), 8 survivors (8192K)
 Metaspace       used 34800K, capacity 35708K, committed 35884K, reserved 1081344K
  class space    used 4557K, capacity 4908K, committed 4992K, reserved 1048576K
GC Heap History (10 events):
Event: 1.039 GC heap before
{Heap before GC invocations=0 (full 0):
 garbage-first heap   total 251904K, used 27648K [0x00000000a0000000, 0x0000000100000000)
  region size 1024K, 24 young (24576K), 0 survivors (0K)
 Metaspace       used 9856K, capacity 10086K, committed 10368K, reserved 1058816K
  class space    used 979K, capacity 1045K, committed 1152K, reserved 1048576K
}
Event: 1.044 GC heap after
{Heap after GC invocations=1 (full 0):
 garbage-first heap   total 251904K, used 10393K [0x00000000a0000000, 0x0000000100000000)
  region size 1024K, 3 young (3072K), 3 survivors (3072K)
 Metaspace       used 9856K, capacity 10086K, committed 10368K, reserved 1058816K
  class space    used 979K, capacity 1045K, committed 1152K, reserved 1048576K
}
Event: 3.952 GC heap before
{Heap before GC invocations=1 (full 0):
 garbage-first heap   total 251904K, used 101529K [0x00000000a0000000, 0x0000000100000000)
  region size 1024K, 92 young (94208K), 3 survivors (3072K)
 Metaspace       used 20763K, capacity 21189K, committed 21248K, reserved 1069056K
  class space    used 2407K, capacity 2549K, committed 2560K, reserved 1048576K
}
Event: 3.963 GC heap after
{Heap after GC invocations=2 (full 0):
 garbage-first heap   total 251904K, used 18391K [0x00000000a0000000, 0x0000000100000000)
  region size 1024K, 11 young (11264K), 11 survivors (11264K)
 Metaspace       used 20763K, capacity 21189K, committed 21248K, reserved 1069056K
  class space    used 2407K, capacity 2549K, committed 2560K, reserved 1048576K
}
Event: 4.345 GC heap before
{Heap before GC invocations=3 (full 0):
 garbage-first heap   total 251904K, used 39895K [0x00000000a0000000, 0x0000000100000000)
  region size 1024K, 32 young (32768K), 11 survivors (11264K)
 Metaspace       used 22857K, capacity 23499K, committed 23808K, reserved 1071104K
  class space    used 2736K, capacity 2985K, committed 3072K, reserved 1048576K
}
Event: 4.354 GC heap after
{Heap after GC invocations=4 (full 0):
 garbage-first heap   total 251904K, used 19350K [0x00000000a0000000, 0x0000000100000000)
  region size 1024K, 2 young (2048K), 2 survivors (2048K)
 Metaspace       used 22857K, capacity 23499K, committed 23808K, reserved 1071104K
  class space    used 2736K, capacity 2985K, committed 3072K, reserved 1048576K
}
Event: 5.529 GC heap before
{Heap before GC invocations=4 (full 0):
 garbage-first heap   total 251904K, used 96150K [0x00000000a0000000, 0x0000000100000000)
  region size 1024K, 77 young (78848K), 2 survivors (2048K)
 Metaspace       used 29059K, capacity 29793K, committed 29952K, reserved 1075200K
  class space    used 3774K, capacity 4081K, committed 4096K, reserved 1048576K
}
Event: 5.533 GC heap after
{Heap after GC invocations=5 (full 0):
 garbage-first heap   total 251904K, used 23079K [0x00000000a0000000, 0x0000000100000000)
  region size 1024K, 5 young (5120K), 5 survivors (5120K)
 Metaspace       used 29059K, capacity 29793K, committed 29952K, reserved 1075200K
  class space    used 3774K, capacity 4081K, committed 4096K, reserved 1048576K
}
Event: 6.489 GC heap before
{Heap before GC invocations=5 (full 0):
 garbage-first heap   total 251904K, used 83495K [0x00000000a0000000, 0x0000000100000000)
  region size 1024K, 66 young (67584K), 5 survivors (5120K)
 Metaspace       used 34551K, capacity 35453K, committed 35628K, reserved 1079296K
  class space    used 4522K, capacity 4865K, committed 4992K, reserved 1048576K
}
Event: 6.503 GC heap after
{Heap after GC invocations=6 (full 0):
 garbage-first heap   total 251904K, used 25476K [0x00000000a0000000, 0x0000000100000000)
  region size 1024K, 8 young (8192K), 8 survivors (8192K)
 Metaspace       used 34551K, capacity 35453K, committed 35628K, reserved 1079296K
  class space    used 4522K, capacity 4865K, committed 4992K, reserved 1048576K
}

