# JRE version: OpenJDK Runtime Environment Temurin-21.0.11+10 (21.0.11+10) (build 21.0.11+10-LTS)
# Java VM: OpenJDK 64-Bit Server VM Temurin-21.0.11+10 (21.0.11+10-LTS, mixed mode, sharing, tiered, compressed oops, compressed class ptrs, parallel gc, windows-amd64)
GC Precious Log:
 CardTable entry size: 512
 CPUs: 12 total, 12 available
 Memory: 15733M
 Large Page Support: Disabled
 NUMA Support: Disabled
 Compressed Oops: Enabled (32-bit)
 Alignments: Space 512K, Generation 512K, Heap 2M
 Heap Min Capacity: 100M
 Heap Initial Capacity: 100M
 Heap Max Capacity: 2G
 Pre-touch: Disabled
 Parallel Workers: 10
Heap:
 PSYoungGen      total 22528K, used 16530K [0x00000000d5580000, 0x00000000d6d80000, 0x0000000100000000)
  eden space 22016K, 73% used [0x00000000d5580000,0x00000000d65551b0,0x00000000d6b00000)
  from space 512K, 62% used [0x00000000d6d00000,0x00000000d6d50000,0x00000000d6d80000)
  to   space 512K, 0% used [0x00000000d6c80000,0x00000000d6c80000,0x00000000d6d00000)
 ParOldGen       total 68608K, used 43107K [0x0000000080000000, 0x0000000084300000, 0x00000000d5580000)
  object space 68608K, 62% used [0x0000000080000000,0x0000000082a18f98,0x0000000084300000)
 Metaspace       used 63250K, committed 64640K, reserved 1114112K
  class space    used 7978K, committed 8640K, reserved 1048576K
GC Heap History (20 events):
Event: 15.049 GC heap before
{Heap before GC invocations=42 (full 3):
 PSYoungGen      total 22528K, used 22016K [0x00000000d5580000, 0x00000000d6e00000, 0x0000000100000000)
  eden space 22016K, 100% used [0x00000000d5580000,0x00000000d6b00000,0x00000000d6b00000)
  from space 512K, 0% used [0x00000000d6d80000,0x00000000d6d80000,0x00000000d6e00000)
  to   space 1024K, 0% used [0x00000000d6c00000,0x00000000d6c00000,0x00000000d6d00000)
 ParOldGen       total 68608K, used 41942K [0x0000000080000000, 0x0000000084300000, 0x00000000d5580000)
  object space 68608K, 61% used [0x0000000080000000,0x00000000828f5a70,0x0000000084300000)
 Metaspace       used 59668K, committed 60928K, reserved 1114112K
  class space    used 7380K, committed 7936K, reserved 1048576K
}
Event: 15.050 GC heap after
{Heap after GC invocations=42 (full 3):
 PSYoungGen      total 23040K, used 708K [0x00000000d5580000, 0x00000000d6e00000, 0x0000000100000000)
  eden space 22016K, 0% used [0x00000000d5580000,0x00000000d5580000,0x00000000d6b00000)
  from space 1024K, 69% used [0x00000000d6c00000,0x00000000d6cb1260,0x00000000d6d00000)
  to   space 1024K, 0% used [0x00000000d6d00000,0x00000000d6d00000,0x00000000d6e00000)
 ParOldGen       total 68608K, used 41942K [0x0000000080000000, 0x0000000084300000, 0x00000000d5580000)
  object space 68608K, 61% used [0x0000000080000000,0x00000000828f5a70,0x0000000084300000)
 Metaspace       used 59668K, committed 60928K, reserved 1114112K
  class space    used 7380K, committed 7936K, reserved 1048576K
}
Event: 15.258 GC heap before
{Heap before GC invocations=43 (full 3):
 PSYoungGen      total 23040K, used 22724K [0x00000000d5580000, 0x00000000d6e00000, 0x0000000100000000)
  eden space 22016K, 100% used [0x00000000d5580000,0x00000000d6b00000,0x00000000d6b00000)
  from space 1024K, 69% used [0x00000000d6c00000,0x00000000d6cb1260,0x00000000d6d00000)
  to   space 1024K, 0% used [0x00000000d6d00000,0x00000000d6d00000,0x00000000d6e00000)
 ParOldGen       total 68608K, used 41942K [0x0000000080000000, 0x0000000084300000, 0x00000000d5580000)
  object space 68608K, 61% used [0x0000000080000000,0x00000000828f5a70,0x0000000084300000)
 Metaspace       used 61024K, committed 62336K, reserved 1114112K
  class space    used 7633K, committed 8192K, reserved 1048576K
}
Event: 15.259 GC heap after
{Heap after GC invocations=43 (full 3):
 PSYoungGen      total 22528K, used 480K [0x00000000d5580000, 0x00000000d6d80000, 0x0000000100000000)
  eden space 22016K, 0% used [0x00000000d5580000,0x00000000d5580000,0x00000000d6b00000)
  from space 512K, 93% used [0x00000000d6d00000,0x00000000d6d78000,0x00000000d6d80000)
  to   space 1024K, 0% used [0x00000000d6b80000,0x00000000d6b80000,0x00000000d6c80000)
 ParOldGen       total 68608K, used 42176K [0x0000000080000000, 0x0000000084300000, 0x00000000d5580000)
  object space 68608K, 61% used [0x0000000080000000,0x0000000082930230,0x0000000084300000)
 Metaspace       used 61024K, committed 62336K, reserved 1114112K
  class space    used 7633K, committed 8192K, reserved 1048576K
}
Event: 15.453 GC heap before
{Heap before GC invocations=44 (full 3):
 PSYoungGen      total 22528K, used 22496K [0x00000000d5580000, 0x00000000d6d80000, 0x0000000100000000)
  eden space 22016K, 100% used [0x00000000d5580000,0x00000000d6b00000,0x00000000d6b00000)
  from space 512K, 93% used [0x00000000d6d00000,0x00000000d6d78000,0x00000000d6d80000)
  to   space 1024K, 0% used [0x00000000d6b80000,0x00000000d6b80000,0x00000000d6c80000)
 ParOldGen       total 68608K, used 42176K [0x0000000080000000, 0x0000000084300000, 0x00000000d5580000)
  object space 68608K, 61% used [0x0000000080000000,0x0000000082930230,0x0000000084300000)
 Metaspace       used 61426K, committed 62720K, reserved 1114112K
  class space    used 7700K, committed 8256K, reserved 1048576K
}
Event: 15.454 GC heap after
{Heap after GC invocations=44 (full 3):
 PSYoungGen      total 23040K, used 1016K [0x00000000d5580000, 0x00000000d6f00000, 0x0000000100000000)
  eden space 22016K, 0% used [0x00000000d5580000,0x00000000d5580000,0x00000000d6b00000)
  from space 1024K, 99% used [0x00000000d6b80000,0x00000000d6c7e230,0x00000000d6c80000)
  to   space 2048K, 0% used [0x00000000d6d00000,0x00000000d6d00000,0x00000000d6f00000)
 ParOldGen       total 68608K, used 42651K [0x0000000080000000, 0x0000000084300000, 0x00000000d5580000)
  object space 68608K, 62% used [0x0000000080000000,0x00000000829a6f98,0x0000000084300000)
 Metaspace       used 61426K, committed 62720K, reserved 1114112K
  class space    used 7700K, committed 8256K, reserved 1048576K
}
Event: 15.606 GC heap before
{Heap before GC invocations=45 (full 3):
 PSYoungGen      total 23040K, used 23032K [0x00000000d5580000, 0x00000000d6f00000, 0x0000000100000000)
  eden space 22016K, 100% used [0x00000000d5580000,0x00000000d6b00000,0x00000000d6b00000)
  from space 1024K, 99% used [0x00000000d6b80000,0x00000000d6c7e230,0x00000000d6c80000)
  to   space 2048K, 0% used [0x00000000d6d00000,0x00000000d6d00000,0x00000000d6f00000)
 ParOldGen       total 68608K, used 42651K [0x0000000080000000, 0x0000000084300000, 0x00000000d5580000)
  object space 68608K, 62% used [0x0000000080000000,0x00000000829a6f98,0x0000000084300000)
 Metaspace       used 61426K, committed 62720K, reserved 1114112K
  class space    used 7700K, committed 8256K, reserved 1048576K
}
Event: 15.608 GC heap after
{Heap after GC invocations=45 (full 3):
 PSYoungGen      total 23552K, used 1335K [0x00000000d5580000, 0x00000000d6e80000, 0x0000000100000000)
  eden space 22016K, 0% used [0x00000000d5580000,0x00000000d5580000,0x00000000d6b00000)
  from space 1536K, 86% used [0x00000000d6d00000,0x00000000d6e4dff0,0x00000000d6e80000)
  to   space 1536K, 0% used [0x00000000d6b80000,0x00000000d6b80000,0x00000000d6d00000)
 ParOldGen       total 68608K, used 42843K [0x0000000080000000, 0x0000000084300000, 0x00000000d5580000)
  object space 68608K, 62% used [0x0000000080000000,0x00000000829d6f98,0x0000000084300000)
 Metaspace       used 61426K, committed 62720K, reserved 1114112K
  class space    used 7700K, committed 8256K, reserved 1048576K
}
Event: 15.761 GC heap before
{Heap before GC invocations=46 (full 3):
 PSYoungGen      total 23552K, used 23351K [0x00000000d5580000, 0x00000000d6e80000, 0x0000000100000000)
  eden space 22016K, 100% used [0x00000000d5580000,0x00000000d6b00000,0x00000000d6b00000)
  from space 1536K, 86% used [0x00000000d6d00000,0x00000000d6e4dff0,0x00000000d6e80000)
  to   space 1536K, 0% used [0x00000000d6b80000,0x00000000d6b80000,0x00000000d6d00000)
 ParOldGen       total 68608K, used 42843K [0x0000000080000000, 0x0000000084300000, 0x00000000d5580000)
  object space 68608K, 62% used [0x0000000080000000,0x00000000829d6f98,0x0000000084300000)
 Metaspace       used 61426K, committed 62720K, reserved 1114112K
  class space    used 7700K, committed 8256K, reserved 1048576K
}
Event: 15.762 GC heap after
{Heap after GC invocations=46 (full 3):
 PSYoungGen      total 23552K, used 1103K [0x00000000d5580000, 0x00000000d6e00000, 0x0000000100000000)
  eden space 22016K, 0% used [0x00000000d5580000,0x00000000d5580000,0x00000000d6b00000)
  from space 1536K, 71% used [0x00000000d6b80000,0x00000000d6c93f50,0x00000000d6d00000)
  to   space 1024K, 0% used [0x00000000d6d00000,0x00000000d6d00000,0x00000000d6e00000)
 ParOldGen       total 68608K, used 42907K [0x0000000080000000, 0x0000000084300000, 0x00000000d5580000)
  object space 68608K, 62% used [0x0000000080000000,0x00000000829e6f98,0x0000000084300000)
 Metaspace       used 61426K, committed 62720K, reserved 1114112K
  class space    used 7700K, committed 8256K, reserved 1048576K
}
Event: 15.915 GC heap before
{Heap before GC invocations=47 (full 3):
 PSYoungGen      total 23552K, used 23119K [0x00000000d5580000, 0x00000000d6e00000, 0x0000000100000000)
  eden space 22016K, 100% used [0x00000000d5580000,0x00000000d6b00000,0x00000000d6b00000)
  from space 1536K, 71% used [0x00000000d6b80000,0x00000000d6c93f50,0x00000000d6d00000)
  to   space 1024K, 0% used [0x00000000d6d00000,0x00000000d6d00000,0x00000000d6e00000)
 ParOldGen       total 68608K, used 42907K [0x0000000080000000, 0x0000000084300000, 0x00000000d5580000)
  object space 68608K, 62% used [0x0000000080000000,0x00000000829e6f98,0x0000000084300000)
 Metaspace       used 61426K, committed 62720K, reserved 1114112K
  class space    used 7700K, committed 8256K, reserved 1048576K
}
Event: 15.916 GC heap after
{Heap after GC invocations=47 (full 3):
 PSYoungGen      total 23040K, used 908K [0x00000000d5580000, 0x00000000d6e00000, 0x0000000100000000)
  eden space 22016K, 0% used [0x00000000d5580000,0x00000000d5580000,0x00000000d6b00000)
  from space 1024K, 88% used [0x00000000d6d00000,0x00000000d6de3228,0x00000000d6e00000)
  to   space 1024K, 0% used [0x00000000d6c00000,0x00000000d6c00000,0x00000000d6d00000)
 ParOldGen       total 68608K, used 42955K [0x0000000080000000, 0x0000000084300000, 0x00000000d5580000)
  object space 68608K, 62% used [0x0000000080000000,0x00000000829f2f98,0x0000000084300000)
 Metaspace       used 61426K, committed 62720K, reserved 1114112K
  class space    used 7700K, committed 8256K, reserved 1048576K
}
Event: 16.072 GC heap before
{Heap before GC invocations=48 (full 3):
 PSYoungGen      total 23040K, used 22924K [0x00000000d5580000, 0x00000000d6e00000, 0x0000000100000000)
  eden space 22016K, 100% used [0x00000000d5580000,0x00000000d6b00000,0x00000000d6b00000)
  from space 1024K, 88% used [0x00000000d6d00000,0x00000000d6de3228,0x00000000d6e00000)
  to   space 1024K, 0% used [0x00000000d6c00000,0x00000000d6c00000,0x00000000d6d00000)
 ParOldGen       total 68608K, used 42955K [0x0000000080000000, 0x0000000084300000, 0x00000000d5580000)
  object space 68608K, 62% used [0x0000000080000000,0x00000000829f2f98,0x0000000084300000)
 Metaspace       used 61426K, committed 62720K, reserved 1114112K
  class space    used 7700K, committed 8256K, reserved 1048576K
}
Event: 16.072 GC heap after
{Heap after GC invocations=48 (full 3):
 PSYoungGen      total 23040K, used 843K [0x00000000d5580000, 0x00000000d6d80000, 0x0000000100000000)
  eden space 22016K, 0% used [0x00000000d5580000,0x00000000d5580000,0x00000000d6b00000)
  from space 1024K, 82% used [0x00000000d6c00000,0x00000000d6cd2f00,0x00000000d6d00000)
  to   space 512K, 0% used [0x00000000d6d00000,0x00000000d6d00000,0x00000000d6d80000)
 ParOldGen       total 68608K, used 42995K [0x0000000080000000, 0x0000000084300000, 0x00000000d5580000)
  object space 68608K, 62% used [0x0000000080000000,0x00000000829fcf98,0x0000000084300000)
 Metaspace       used 61426K, committed 62720K, reserved 1114112K
  class space    used 7700K, committed 8256K, reserved 1048576K
}
Event: 16.223 GC heap before
{Heap before GC invocations=49 (full 3):
 PSYoungGen      total 23040K, used 22859K [0x00000000d5580000, 0x00000000d6d80000, 0x0000000100000000)
  eden space 22016K, 100% used [0x00000000d5580000,0x00000000d6b00000,0x00000000d6b00000)
  from space 1024K, 82% used [0x00000000d6c00000,0x00000000d6cd2f00,0x00000000d6d00000)
  to   space 512K, 0% used [0x00000000d6d00000,0x00000000d6d00000,0x00000000d6d80000)
 ParOldGen       total 68608K, used 42995K [0x0000000080000000, 0x0000000084300000, 0x00000000d5580000)
  object space 68608K, 62% used [0x0000000080000000,0x00000000829fcf98,0x0000000084300000)
 Metaspace       used 61426K, committed 62720K, reserved 1114112K
  class space    used 7700K, committed 8256K, reserved 1048576K
}
Event: 16.223 GC heap after
{Heap after GC invocations=49 (full 3):
 PSYoungGen      total 22528K, used 373K [0x00000000d5580000, 0x00000000d6d80000, 0x0000000100000000)
  eden space 22016K, 0% used [0x00000000d5580000,0x00000000d5580000,0x00000000d6b00000)
  from space 512K, 72% used [0x00000000d6d00000,0x00000000d6d5d6b8,0x00000000d6d80000)
  to   space 1024K, 0% used [0x00000000d6b80000,0x00000000d6b80000,0x00000000d6c80000)
 ParOldGen       total 68608K, used 43035K [0x0000000080000000, 0x0000000084300000, 0x00000000d5580000)
  object space 68608K, 62% used [0x0000000080000000,0x0000000082a06f98,0x0000000084300000)
 Metaspace       used 61426K, committed 62720K, reserved 1114112K
  class space    used 7700K, committed 8256K, reserved 1048576K
}
Event: 16.378 GC heap before
{Heap before GC invocations=50 (full 3):
 PSYoungGen      total 22528K, used 22389K [0x00000000d5580000, 0x00000000d6d80000, 0x0000000100000000)
  eden space 22016K, 100% used [0x00000000d5580000,0x00000000d6b00000,0x00000000d6b00000)
  from space 512K, 72% used [0x00000000d6d00000,0x00000000d6d5d6b8,0x00000000d6d80000)
  to   space 1024K, 0% used [0x00000000d6b80000,0x00000000d6b80000,0x00000000d6c80000)
 ParOldGen       total 68608K, used 43035K [0x0000000080000000, 0x0000000084300000, 0x00000000d5580000)
  object space 68608K, 62% used [0x0000000080000000,0x0000000082a06f98,0x0000000084300000)
 Metaspace       used 61426K, committed 62720K, reserved 1114112K
  class space    used 7700K, committed 8256K, reserved 1048576K
}
Event: 16.379 GC heap after
{Heap after GC invocations=50 (full 3):
 PSYoungGen      total 23040K, used 256K [0x00000000d5580000, 0x00000000d6d80000, 0x0000000100000000)
  eden space 22016K, 0% used [0x00000000d5580000,0x00000000d5580000,0x00000000d6b00000)
  from space 1024K, 25% used [0x00000000d6b80000,0x00000000d6bc0000,0x00000000d6c80000)
  to   space 512K, 0% used [0x00000000d6d00000,0x00000000d6d00000,0x00000000d6d80000)
 ParOldGen       total 68608K, used 43075K [0x0000000080000000, 0x0000000084300000, 0x00000000d5580000)
  object space 68608K, 62% used [0x0000000080000000,0x0000000082a10f98,0x0000000084300000)
 Metaspace       used 61426K, committed 62720K, reserved 1114112K
  class space    used 7700K, committed 8256K, reserved 1048576K
}
Event: 16.571 GC heap before
{Heap before GC invocations=51 (full 3):
 PSYoungGen      total 23040K, used 22272K [0x00000000d5580000, 0x00000000d6d80000, 0x0000000100000000)
  eden space 22016K, 100% used [0x00000000d5580000,0x00000000d6b00000,0x00000000d6b00000)
  from space 1024K, 25% used [0x00000000d6b80000,0x00000000d6bc0000,0x00000000d6c80000)
  to   space 512K, 0% used [0x00000000d6d00000,0x00000000d6d00000,0x00000000d6d80000)
 ParOldGen       total 68608K, used 43075K [0x0000000080000000, 0x0000000084300000, 0x00000000d5580000)
  object space 68608K, 62% used [0x0000000080000000,0x0000000082a10f98,0x0000000084300000)
 Metaspace       used 61660K, committed 62976K, reserved 1114112K
  class space    used 7751K, committed 8320K, reserved 1048576K
}
Event: 16.572 GC heap after
{Heap after GC invocations=51 (full 3):
 PSYoungGen      total 22528K, used 320K [0x00000000d5580000, 0x00000000d6d80000, 0x0000000100000000)
  eden space 22016K, 0% used [0x00000000d5580000,0x00000000d5580000,0x00000000d6b00000)
  from space 512K, 62% used [0x00000000d6d00000,0x00000000d6d50000,0x00000000d6d80000)
  to   space 512K, 0% used [0x00000000d6c80000,0x00000000d6c80000,0x00000000d6d00000)
 ParOldGen       total 68608K, used 43107K [0x0000000080000000, 0x0000000084300000, 0x00000000d5580000)
  object space 68608K, 62% used [0x0000000080000000,0x0000000082a18f98,0x0000000084300000)
 Metaspace       used 61660K, committed 62976K, reserved 1114112K
  class space    used 7751K, committed 8320K, reserved 1048576K
}

